<?xml version="1.0" encoding="UTF-8"?>
<testsuites name="jest tests" tests="8" failures="0" time="4.657">
  <testsuite name="add(1,2)等于3" errors="0" failures="0" skipped="0" timestamp="2019-11-05T07:05:05" time="1.498" tests="1">
    <testcase classname="add(1,2)等于3 等于3" name="add(1,2)等于3 等于3" time="0.004">
    </testcase>
  </testsuite>
  <testsuite name="button" errors="0" failures="0" skipped="0" timestamp="2019-11-05T07:05:05" time="1.915" tests="1">
    <testcase classname="button 是个div" name="button 是个div" time="0.016">
    </testcase>
  </testsuite>
  <testsuite name="classes" errors="0" failures="0" skipped="0" timestamp="2019-11-05T07:05:05" time="1.927" tests="4">
    <testcase classname="classes 接受 1 个className" name="classes 接受 1 个className" time="0.004">
    </testcase>
    <testcase classname="classes 接受 2 个className" name="classes 接受 2 个className" time="0.001">
    </testcase>
    <testcase classname="classes 接受 undefined 结果不会出现 undefined" name="classes 接受 undefined 结果不会出现 undefined" time="0">
    </testcase>
    <testcase classname="classes 接受 0 个参数" name="classes 接受 0 个参数" time="0.001">
    </testcase>
  </testsuite>
  <testsuite name="Icon" errors="0" failures="0" skipped="0" timestamp="2019-11-05T07:05:05" time="2.374" tests="2">
    <testcase classname="Icon render successfully" name="Icon render successfully" time="0.021">
    </testcase>
    <testcase classname="Icon onClick" name="Icon onClick" time="0.047">
    </testcase>
  </testsuite>
</testsuites>